#
# A fatal error has been detected by the Java Runtime Environment:
#
#  Internal Error (relocInfo_x86.cpp:101), pid=9160, tid=0x0000000000001288
#  Error: ShouldNotReachHere()
#
# JRE version: Java(TM) SE Runtime Environment (8.0_161-b12) (build 1.8.0_161-b12)
# Java VM: Java HotSpot(TM) 64-Bit Server VM (25.161-b12 mixed mode windows-amd64 compressed oops)
# Failed to write core dump. Minidumps are not enabled by default on client versions of Windows
#
# If you would like to submit a bug report, please visit:
#   http://bugreport.java.com/bugreport/crash.jsp
#

---------------  T H R E A D  ---------------

Current thread (0x000000001b673000):  JavaThread "C1 CompilerThread3" daemon [_thread_in_vm, id=4744, stack(0x000000001c070000,0x000000001c170000)]

Stack: [0x000000001c070000,0x000000001c170000]
[error occurred during error reporting (printing stack bounds), id 0xc0000005]

Native frames: (J=compiled Java code, j=interpreted, Vv=VM code, C=native code)


Current CompileTask:
C1:    487  678       3       org.springframework.util.StringUtils::changeFirstCharacterCase (64 bytes)


---------------  P R O C E S S  ---------------

Java Threads: ( => current thread )
  0x000000001b722800 JavaThread "Service Thread" daemon [_thread_blocked, id=9296, stack(0x000000001c170000,0x000000001c270000)]
=>0x000000001b673000 JavaThread "C1 CompilerThread3" daemon [_thread_in_vm, id=4744, stack(0x000000001c070000,0x000000001c170000)]
  0x000000001b670000 JavaThread "C2 CompilerThread2" daemon [_thread_in_vm, id=2072, stack(0x000000001bf70000,0x000000001c070000)]
  0x000000001b66f800 JavaThread "C2 CompilerThread1" daemon [_thread_in_vm, id=1384, stack(0x000000001be70000,0x000000001bf70000)]
  0x000000001a23d000 JavaThread "C2 CompilerThread0" daemon [_thread_in_vm, id=7156, stack(0x000000001bd70000,0x000000001be70000)]
  0x000000001b663800 JavaThread "Monitor Ctrl-Break" daemon [_thread_in_native, id=1300, stack(0x000000001bc70000,0x000000001bd70000)]
  0x0000000019f20800 JavaThread "Attach Listener" daemon [_thread_blocked, id=9312, stack(0x000000001b370000,0x000000001b470000)]
  0x0000000019ec9000 JavaThread "Signal Dispatcher" daemon [_thread_blocked, id=5048, stack(0x000000001b270000,0x000000001b370000)]
  0x0000000019ea3800 JavaThread "Finalizer" daemon [_thread_blocked, id=6948, stack(0x000000001b110000,0x000000001b210000)]
  0x00000000187cd000 JavaThread "Reference Handler" daemon [_thread_blocked, id=8080, stack(0x000000001b010000,0x000000001b110000)]
  0x0000000003637000 JavaThread "main" [_thread_blocked, id=8828, stack(0x0000000003360000,0x0000000003460000)]

Other Threads:
  0x0000000019e82800 VMThread [stack: 0x000000001af10000,0x000000001b010000] [id=8160]
  0x000000001b7d0000 WatcherThread [stack: 0x000000001c270000,0x000000001c370000] [id=7116]

VM state:not at safepoint (normal execution)

VM Mutex/Monitor currently owned by a thread:  ([mutex/lock_event])
[0x000000000352d570] CodeCache_lock - owner thread: 0x000000001b673000
[0x0000000003635430] Compile_lock - owner thread: 0x000000001b673000
[0x00000000036358b0] MethodCompileQueue_lock - owner thread: 0x000000001b673000

Heap:
 PSYoungGen      total 37888K, used 32575K [0x00000000d6600000, 0x00000000d9000000, 0x0000000100000000)
  eden space 32768K, 99% used [0x00000000d6600000,0x00000000d85cfec8,0x00000000d8600000)
  from space 5120K, 0% used [0x00000000d8b00000,0x00000000d8b00000,0x00000000d9000000)
  to   space 5120K, 0% used [0x00000000d8600000,0x00000000d8600000,0x00000000d8b00000)
 ParOldGen       total 86016K, used 0K [0x0000000083200000, 0x0000000088600000, 0x00000000d6600000)
  object space 86016K, 0% used [0x0000000083200000,0x0000000083200000,0x0000000088600000)
 Metaspace       used 7883K, capacity 7984K, committed 8192K, reserved 1056768K
  class space    used 942K, capacity 952K, committed 1024K, reserved 1048576K

Card table byte_map: [0x0000000012af0000,0x0000000012ee0000] byte_map_base: 0x00000000126d7000

Marking Bits: (ParMarkBitMap*) 0x000000006c97f860
 Begin Bits: [0x0000000013b80000, 0x0000000015ab8000)
 End Bits:   [0x0000000015ab8000, 0x00000000179f0000)

Polling page: 0x0000000001780000

CodeCache: size=245760Kb used=2932Kb max_used=2932Kb free=242827Kb
 bounds [0x0000000003730000, 0x0000000003a10000, 0x0000000012730000]
 total_blobs=961 nmethods=665 adapters=208
 compilation: enabled

Compilation events (10 events):
Event: 0.448 Thread 0x000000001b673000 nmethod 667 0x0000000003a0d450 code [0x0000000003a0d5c0, 0x0000000003a0d7f0]
Event: 0.448 Thread 0x000000001b673000  668       3       java.util.regex.Matcher::end (22 bytes)
Event: 0.448 Thread 0x000000001b673000 nmethod 668 0x0000000003a0d910 code [0x0000000003a0da80, 0x0000000003a0dce8]
Event: 0.448 Thread 0x000000001b673000  669       3       java.util.ArrayList$SubList::checkForComodification (23 bytes)
Event: 0.449 Thread 0x000000001b673000 nmethod 669 0x0000000003a0ddd0 code [0x0000000003a0df40, 0x0000000003a0e168]
Event: 0.449 Thread 0x000000001b673000  663       1       org.springframework.beans.PropertyValue::getName (5 bytes)
Event: 0.449 Thread 0x000000001b673000 nmethod 663 0x0000000003a0e250 code [0x0000000003a0e3a0, 0x0000000003a0e4b0]
Event: 0.449 Thread 0x000000001b673000  677       3       org.springframework.util.StringUtils::capitalize (6 bytes)
Event: 0.449 Thread 0x000000001b673000 nmethod 677 0x0000000003a0e510 code [0x0000000003a0e680, 0x0000000003a0e7e8]
Event: 0.449 Thread 0x000000001b673000  678       3       org.springframework.util.StringUtils::changeFirstCharacterCase (64 bytes)

GC Heap History (0 events):
No events

Deoptimization events (3 events):
Event: 0.231 Thread 0x0000000003637000 Uncommon trap: reason=null_check action=make_not_entrant pc=0x000000000384dbe8 method=java.lang.String.equals(Ljava/lang/Object;)Z @ 8
Event: 0.264 Thread 0x0000000003637000 Uncommon trap: reason=unstable_if action=reinterpret pc=0x00000000038cd1fc method=sun.misc.MetaIndex.mayContain(Ljava/lang/String;)Z @ 38
Event: 0.381 Thread 0x0000000003637000 Uncommon trap: reason=unstable_if action=reinterpret pc=0x00000000038a7bf4 method=java.lang.String.indexOf([CII[CIII)I @ 3

Classes redefined (0 events):
No events

Internal exceptions (10 events):
Event: 0.340 Thread 0x0000000003637000 Exception <a 'java/lang/ArrayIndexOutOfBoundsException'> (0x00000000d774b740) thrown at [C:\re\workspace\8-2-build-windows-amd64-cygwin\jdk8u161\10277\hotspot\src\share\vm\runtime\sharedRuntime.cpp, line 605]
Event: 0.340 Thread 0x0000000003637000 Exception <a 'java/lang/ArrayIndexOutOfBoundsException'> (0x00000000d7754c78) thrown at [C:\re\workspace\8-2-build-windows-amd64-cygwin\jdk8u161\10277\hotspot\src\share\vm\runtime\sharedRuntime.cpp, line 605]
Event: 0.341 Thread 0x0000000003637000 Exception <a 'java/lang/ArrayIndexOutOfBoundsException'> (0x00000000d775e0d8) thrown at [C:\re\workspace\8-2-build-windows-amd64-cygwin\jdk8u161\10277\hotspot\src\share\vm\runtime\sharedRuntime.cpp, line 605]
Event: 0.341 Thread 0x0000000003637000 Exception <a 'java/lang/ArrayIndexOutOfBoundsException'> (0x00000000d77675f8) thrown at [C:\re\workspace\8-2-build-windows-amd64-cygwin\jdk8u161\10277\hotspot\src\share\vm\runtime\sharedRuntime.cpp, line 605]
Event: 0.341 Thread 0x0000000003637000 Exception <a 'java/lang/ArrayIndexOutOfBoundsException'> (0x00000000d7771be0) thrown at [C:\re\workspace\8-2-build-windows-amd64-cygwin\jdk8u161\10277\hotspot\src\share\vm\runtime\sharedRuntime.cpp, line 605]
Event: 0.342 Thread 0x0000000003637000 Exception <a 'java/lang/ArrayIndexOutOfBoundsException'> (0x00000000d777dd78) thrown at [C:\re\workspace\8-2-build-windows-amd64-cygwin\jdk8u161\10277\hotspot\src\share\vm\runtime\sharedRuntime.cpp, line 605]
Event: 0.343 Thread 0x0000000003637000 Exception <a 'java/lang/ArrayIndexOutOfBoundsException'> (0x00000000d778b280) thrown at [C:\re\workspace\8-2-build-windows-amd64-cygwin\jdk8u161\10277\hotspot\src\share\vm\runtime\sharedRuntime.cpp, line 605]
Event: 0.349 Thread 0x0000000003637000 Exception <a 'java/lang/ArrayIndexOutOfBoundsException'> (0x00000000d784fcd8) thrown at [C:\re\workspace\8-2-build-windows-amd64-cygwin\jdk8u161\10277\hotspot\src\share\vm\runtime\sharedRuntime.cpp, line 605]
Event: 0.349 Thread 0x0000000003637000 Exception <a 'java/lang/ArrayIndexOutOfBoundsException'> (0x00000000d78fcfa0) thrown at [C:\re\workspace\8-2-build-windows-amd64-cygwin\jdk8u161\10277\hotspot\src\share\vm\runtime\sharedRuntime.cpp, line 605]
Event: 0.389 Thread 0x0000000003637000 Exception <a 'java/io/FileNotFoundException'> (0x00000000d7d6e9d8) thrown at [C:\re\workspace\8-2-build-windows-amd64-cygwin\jdk8u161\10277\hotspot\src\share\vm\prims\jni.cpp, line 709]

Events (10 events):
Event: 0.443 loading class org/springframework/boot/bind/RelaxedNames$Manipulation$5
Event: 0.443 loading class org/springframework/boot/bind/RelaxedNames$Manipulation$5 done
Event: 0.443 loading class org/springframework/boot/bind/RelaxedNames$Manipulation$6
Event: 0.443 loading class org/springframework/boot/bind/RelaxedNames$Manipulation$6 done
Event: 0.444 Thread 0x0000000003637000 DEOPT PACKING pc=0x000000000387d16a sp=0x000000000345b310
Event: 0.444 Thread 0x0000000003637000 DEOPT UNPACKING pc=0x0000000003777890 sp=0x000000000345b190 mode 0
Event: 0.444 loading class org/springframework/boot/bind/RelaxedNames$Manipulation$7
Event: 0.444 loading class org/springframework/boot/bind/RelaxedNames$Manipulation$7 done
Event: 0.444 loading class org/springframework/boot/bind/RelaxedNames$Manipulation$8
Event: 0.444 loading class org/springframework/boot/bind/RelaxedNames$Manipulation$8 done


Dynamic libraries:
0x00007ff759a60000 - 0x00007ff759a97000 	D:\Program Files\Java\jdk1.8.0_161\bin\java.exe
0x00007ffb1d490000 - 0x00007ffb1d67d000 	C:\Windows\SYSTEM32\ntdll.dll
0x00007ffb1ca50000 - 0x00007ffb1cb03000 	C:\Windows\System32\KERNEL32.DLL
0x00007ffb1a380000 - 0x00007ffb1a613000 	C:\Windows\System32\KERNELBASE.dll
0x00007ffb1a8d0000 - 0x00007ffb1a973000 	C:\Windows\System32\ADVAPI32.dll
0x00007ffb1d3c0000 - 0x00007ffb1d45e000 	C:\Windows\System32\msvcrt.dll
0x00007ffb1d160000 - 0x00007ffb1d1fe000 	C:\Windows\System32\sechost.dll
0x00007ffb1ab20000 - 0x00007ffb1ac42000 	C:\Windows\System32\RPCRT4.dll
0x00007ffb1a980000 - 0x00007ffb1ab17000 	C:\Windows\System32\USER32.dll
0x00007ffb19b60000 - 0x00007ffb19b80000 	C:\Windows\System32\win32u.dll
0x00007ffb1c470000 - 0x00007ffb1c499000 	C:\Windows\System32\GDI32.dll
0x00007ffb19660000 - 0x00007ffb197f9000 	C:\Windows\System32\gdi32full.dll
0x00007ffb1a620000 - 0x00007ffb1a6c0000 	C:\Windows\System32\msvcp_win.dll
0x00007ffb19800000 - 0x00007ffb198fa000 	C:\Windows\System32\ucrtbase.dll
0x00007ffb04e10000 - 0x00007ffb05089000 	C:\Windows\WinSxS\amd64_microsoft.windows.common-controls_6595b64144ccf1df_6.0.17763.615_none_05b4414a072024d4\COMCTL32.dll
0x00007ffb1ac50000 - 0x00007ffb1af7c000 	C:\Windows\System32\combase.dll
0x00007ffb19bb0000 - 0x00007ffb19c2e000 	C:\Windows\System32\bcryptPrimitives.dll
0x00007ffb1ca20000 - 0x00007ffb1ca4e000 	C:\Windows\System32\IMM32.DLL
0x000000006ca00000 - 0x000000006cad2000 	D:\Program Files\Java\jdk1.8.0_161\jre\bin\msvcr100.dll
0x000000006c160000 - 0x000000006c9ff000 	D:\Program Files\Java\jdk1.8.0_161\jre\bin\server\jvm.dll
0x00007ffb1d200000 - 0x00007ffb1d208000 	C:\Windows\System32\PSAPI.DLL
0x00007ffb0d350000 - 0x00007ffb0d359000 	C:\Windows\SYSTEM32\WSOCK32.dll
0x00007ffb14900000 - 0x00007ffb1490a000 	C:\Windows\SYSTEM32\VERSION.dll
0x00007ffb16db0000 - 0x00007ffb16dd4000 	C:\Windows\SYSTEM32\WINMM.dll
0x00007ffb1c7b0000 - 0x00007ffb1c81d000 	C:\Windows\System32\WS2_32.dll
0x00007ffb16d80000 - 0x00007ffb16dad000 	C:\Windows\SYSTEM32\winmmbase.dll
0x00007ffb19560000 - 0x00007ffb195aa000 	C:\Windows\System32\cfgmgr32.dll
0x000000006c150000 - 0x000000006c15f000 	D:\Program Files\Java\jdk1.8.0_161\jre\bin\verify.dll
0x000000006c120000 - 0x000000006c149000 	D:\Program Files\Java\jdk1.8.0_161\jre\bin\java.dll
0x000000006c0d0000 - 0x000000006c0f3000 	D:\Program Files\Java\jdk1.8.0_161\jre\bin\instrument.dll
0x000000006c100000 - 0x000000006c116000 	D:\Program Files\Java\jdk1.8.0_161\jre\bin\zip.dll
0x00007ffb1af80000 - 0x00007ffb1c470000 	C:\Windows\System32\SHELL32.dll
0x00007ffb1c960000 - 0x00007ffb1ca08000 	C:\Windows\System32\shcore.dll
0x00007ffb19c30000 - 0x00007ffb1a37a000 	C:\Windows\System32\windows.storage.dll
0x00007ffb19530000 - 0x00007ffb19554000 	C:\Windows\System32\profapi.dll
0x00007ffb194d0000 - 0x00007ffb1952d000 	C:\Windows\System32\powrprof.dll
0x00007ffb1c4c0000 - 0x00007ffb1c512000 	C:\Windows\System32\shlwapi.dll
0x00007ffb19490000 - 0x00007ffb194a1000 	C:\Windows\System32\kernel.appcore.dll
0x00007ffb19ae0000 - 0x00007ffb19af7000 	C:\Windows\System32\cryptsp.dll
0x00007ffb0c830000 - 0x00007ffb0c84a000 	D:\Program Files\JetBrains\IntelliJ IDEA 2017.3.6\bin\breakgen64.dll
0x000000006c0b0000 - 0x000000006c0ca000 	D:\Program Files\Java\jdk1.8.0_161\jre\bin\net.dll
0x00007ffb18850000 - 0x00007ffb188b7000 	C:\Windows\system32\mswsock.dll

VM Arguments:
jvm_args: -javaagent:D:\Program Files\JetBrains\IntelliJ IDEA 2017.3.6\lib\idea_rt.jar=58101:D:\Program Files\JetBrains\IntelliJ IDEA 2017.3.6\bin -Dfile.encoding=UTF-8 
java_command: com.gwg.springcloud.EurekaServerApplication
java_class_path (initial): D:\Program Files\Java\jdk1.8.0_161\jre\lib\charsets.jar;D:\Program Files\Java\jdk1.8.0_161\jre\lib\deploy.jar;D:\Program Files\Java\jdk1.8.0_161\jre\lib\ext\access-bridge-64.jar;D:\Program Files\Java\jdk1.8.0_161\jre\lib\ext\cldrdata.jar;D:\Program Files\Java\jdk1.8.0_161\jre\lib\ext\dnsns.jar;D:\Program Files\Java\jdk1.8.0_161\jre\lib\ext\jaccess.jar;D:\Program Files\Java\jdk1.8.0_161\jre\lib\ext\jfxrt.jar;D:\Program Files\Java\jdk1.8.0_161\jre\lib\ext\localedata.jar;D:\Program Files\Java\jdk1.8.0_161\jre\lib\ext\nashorn.jar;D:\Program Files\Java\jdk1.8.0_161\jre\lib\ext\sunec.jar;D:\Program Files\Java\jdk1.8.0_161\jre\lib\ext\sunjce_provider.jar;D:\Program Files\Java\jdk1.8.0_161\jre\lib\ext\sunmscapi.jar;D:\Program Files\Java\jdk1.8.0_161\jre\lib\ext\sunpkcs11.jar;D:\Program Files\Java\jdk1.8.0_161\jre\lib\ext\zipfs.jar;D:\Program Files\Java\jdk1.8.0_161\jre\lib\javaws.jar;D:\Program Files\Java\jdk1.8.0_161\jre\lib\jce.jar;D:\Program Files\Java\jdk1.8.0_161\jre\lib\jfr.jar;D:\Program Files\Java\jdk1.8.0_161\jre\lib\jfxswt.jar;D:\Program Files\Java\jdk1.8.0_161\jre\lib\jsse.jar;D:\Program Files\Java\jdk1.8.0_161\jre\lib\management-agent.jar;D:\Program Files\Java\jdk1.8.0_161\jre\lib\plugin.jar;D:\Program Files\Java\jdk1.8.0_161\jre\lib\resources.jar;D:\Program Files\Java\jdk1.8.0_161\jre\lib\rt.jar;E:\spring_workspace\springcloud-rateLimitWithHystrix-parent\springcloud-hystrix-register\target\classes;D:\maven_repo\org\springframework\cloud\spring-cloud-starter-eureka-server\1.4.6.RELEASE\spring-cloud-starter-eureka-server-1.4.6.RELEASE.jar;D:\maven_repo\org\springframework\cloud\spring-cloud-starter-netflix-eureka-server\1.4.6.RELEASE\spring-cloud-starter-netflix-eureka-server-1.4.6.RELEASE.jar;D:\maven_repo\org\springframework\cloud\spring-cloud-starter\1.3.5.RELEASE\spring-cloud-starter-1.3.5.RELEASE.jar;D:\maven_repo\org\springframework\boot\spring-boot-starter\1.5.19.RELEASE\spring-boot-starter-1.5.19.RELEASE.jar;D:\maven_repo\org\
Launcher Type: SUN_STANDARD

Environment Variables:
PATH=D:\Program Files (x86)\NetSarang\Xshell 6\;C:\ProgramData\Oracle\Java\javapath;C:\Windows\system32;C:\Windows;C:\Windows\System32\Wbem;C:\Windows\System32\WindowsPowerShell\v1.0\;C:\Windows\System32\OpenSSH\;C:\Program Files\Git\cmd;C:\Users\IT\AppData\Local\Microsoft\WindowsApps;c:\program files\esafenet\cobra docguard client;D:\Program Files\apache-maven-3.6.0\bin;
USERNAME=Aikucun
OS=Windows_NT
PROCESSOR_IDENTIFIER=Intel64 Family 6 Model 158 Stepping 10, GenuineIntel



---------------  S Y S T E M  ---------------

OS: Windows 10.0 , 64 bit Build 17763 (10.0.17763.475)

CPU:total 12 (initial active 12) (6 cores per cpu, 2 threads per core) family 6 model 158 stepping 10, cmov, cx8, fxsr, mmx, sse, sse2, sse3, ssse3, sse4.1, sse4.2, popcnt, avx, avx2, aes, clmul, erms, rtm, 3dnowpref, lzcnt, ht, tsc, tscinvbit, bmi1, bmi2, adx

Memory: 4k page, physical 8180012k(3192804k free), swap 17617196k(11279764k free)

vm_info: Java HotSpot(TM) 64-Bit Server VM (25.161-b12) for windows-amd64 JRE (1.8.0_161-b12), built on Dec 19 2017 17:52:25 by "java_re" with MS VC++ 10.0 (VS2010)

time: Mon Jul 22 22:35:06 2019
elapsed time: 0 seconds (0d 0h 0m 0s)

