#
# A fatal error has been detected by the Java Runtime Environment:
#
#  EXCEPTION_ACCESS_VIOLATION (0xc0000005) at pc=0x0000000065bde6ee, pid=10836, tid=0x000000000000127c
#
# JRE version: Java(TM) SE Runtime Environment (8.0_161-b12) (build 1.8.0_161-b12)
# Java VM: Java HotSpot(TM) 64-Bit Server VM (25.161-b12 mixed mode windows-amd64 compressed oops)
# Problematic frame:
# V  [jvm.dll+0x3e6ee]
#
# Failed to write core dump. Minidumps are not enabled by default on client versions of Windows
#
# If you would like to submit a bug report, please visit:
#   http://bugreport.java.com/bugreport/crash.jsp
#

---------------  T H R E A D  ---------------

Current thread (0x000000001b842000):  JavaThread "C1 CompilerThread3" daemon [_thread_in_native, id=4732, stack(0x000000001c220000,0x000000001c320000)]

siginfo: ExceptionCode=0xc0000005, reading address 0xffffffffffffffff

Registers:
RAX=0xb72a100000000100, RBX=0x00000000000000c4, RCX=0x000000001d87bd50, RDX=0x00000000000000c4
RSP=0x000000001c31ead0, RBP=0x00000000000000c4, RSI=0x000000001d87bd50, RDI=0x000000001d87bd50
R8 =0x000000001d87be30, R9 =0x0000000065ba0000, R10=0x917a10101b2a001b, R11=0x000000001d82e030
R12=0x000000001d87c370, R13=0x0000000000000498, R14=0x0000000000000093, R15=0x0000000000000000
RIP=0x0000000065bde6ee, EFLAGS=0x0000000000010286

Top of Stack: (sp=0x000000001c31ead0)
0x000000001c31ead0:   000000000000002c 0000000065e4bc25
0x000000001c31eae0:   000000001d6b2e80 000000001c31ecb0
0x000000001c31eaf0:   0000000000000029 0000000065bde898
0x000000001c31eb00:   000000001d87bd50 000000001d87bc19
0x000000001c31eb10:   000000001c31eb80 000000001f77d370
0x000000001c31eb20:   000000001c31ec00 37343100661a771c
0x000000001c31eb30:   000000001d87ae60 000000001d87adb0
0x000000001c31eb40:   000000001d87bc19 0000000000000000
0x000000001c31eb50:   000000001b7f7b60 000000001d87bbf0
0x000000001c31eb60:   000000001d87bc83 000000001d87bc1c
0x000000001c31eb70:   000000a2000000a2 00000000664739e1
0x000000001c31eb80:   0000000000000000 ffffffffffffffff
0x000000001c31eb90:   0000000000000498 000000001d87ae60
0x000000001c31eba0:   000000001d87bd50 0000000000000000
0x000000001c31ebb0:   000000001d87bd80 0000000065bdef09
0x000000001c31ebc0:   000000001d879b00 0000000000000000 

Instructions: (pc=0x0000000065bde6ee)
0x0000000065bde6ce:   48 8b 46 18 48 89 3c e8 48 8b c7 48 8b 7c 24 30
0x0000000065bde6de:   48 8b 5c 24 38 48 8b 6c 24 40 48 83 c4 20 5e c3
0x0000000065bde6ee:   39 58 04 74 07 8b d3 e8 06 fe ff ff 48 8b 5c 24
0x0000000065bde6fe:   38 48 8b 6c 24 40 48 83 c4 20 5e c3 cc cc cc cc 


Register to memory mapping:

RAX=0xb72a100000000100 is an unknown value
RBX=0x00000000000000c4 is an unknown value
RCX=0x000000001d87bd50 is an unknown value
RDX=0x00000000000000c4 is an unknown value
RSP=0x000000001c31ead0 is pointing into the stack for thread: 0x000000001b842000
RBP=0x00000000000000c4 is an unknown value
RSI=0x000000001d87bd50 is an unknown value
RDI=0x000000001d87bd50 is an unknown value
R8 =0x000000001d87be30 is an unknown value
R9 =0x0000000065ba0000 is an unknown value
R10=0x917a10101b2a001b is an unknown value
R11=0x000000001d82e030 is an unknown value
R12=0x000000001d87c370 is an unknown value
R13=0x0000000000000498 is an unknown value
R14=0x0000000000000093 is an unknown value
R15=0x0000000000000000 is an unknown value


Stack: [0x000000001c220000,0x000000001c320000],  sp=0x000000001c31ead0,  free space=1018k
Native frames: (J=compiled Java code, j=interpreted, Vv=VM code, C=native code)
V  [jvm.dll+0x3e6ee]
V  [jvm.dll+0x3e898]
V  [jvm.dll+0x3ef09]
V  [jvm.dll+0x3974a]
V  [jvm.dll+0xab760]
V  [jvm.dll+0xad10c]
V  [jvm.dll+0x39ec4]
V  [jvm.dll+0x416bf1]
V  [jvm.dll+0x41bc07]
V  [jvm.dll+0x42066e]
V  [jvm.dll+0x425ad5]
V  [jvm.dll+0x425be0]
V  [jvm.dll+0x40f178]
V  [jvm.dll+0x40f3e1]
V  [jvm.dll+0x40f5a2]
V  [jvm.dll+0x40f771]
V  [jvm.dll+0x40f97f]
V  [jvm.dll+0xa6052]
V  [jvm.dll+0xa699f]
V  [jvm.dll+0x24533f]
V  [jvm.dll+0x29cc4a]
C  [msvcr100.dll+0x21d9f]
C  [msvcr100.dll+0x21e3b]
C  [KERNEL32.DLL+0x17974]
C  [ntdll.dll+0x6a271]


Current CompileTask:
C1:   3127 3668       1       sun.security.util.DerOutputStream::putLength (147 bytes)


---------------  P R O C E S S  ---------------

Java Threads: ( => current thread )
  0x000000001dcac800 JavaThread "spring.cloud.inetutils" daemon [_thread_blocked, id=11688, stack(0x000000001f8e0000,0x000000001f9e0000)]
  0x000000001dcaa000 JavaThread "container-0" [_thread_blocked, id=2160, stack(0x000000001f2e0000,0x000000001f3e0000)]
  0x000000001dcad000 JavaThread "ContainerBackgroundProcessor[StandardEngine[Tomcat]]" daemon [_thread_blocked, id=2260, stack(0x000000001f1e0000,0x000000001f2e0000)]
  0x000000001dca3000 JavaThread "RMI TCP Connection(4)-127.0.0.1" daemon [_thread_in_native, id=3536, stack(0x000000001efe0000,0x000000001f0e0000)]
  0x000000001dc89800 JavaThread "localhost-startStop-1" daemon [_thread_blocked, id=6200, stack(0x000000001eee0000,0x000000001efe0000)]
  0x000000001dc1d000 JavaThread "Tomcat-startStop-1" daemon [_thread_blocked, id=9908, stack(0x000000001ede0000,0x000000001eee0000)]
  0x000000001bca9800 JavaThread "RMI TCP Connection(3)-127.0.0.1" daemon [_thread_in_native, id=11524, stack(0x000000001ce10000,0x000000001cf10000)]
  0x000000001bca2000 JavaThread "RMI Scheduler(0)" daemon [_thread_blocked, id=4508, stack(0x000000001cc10000,0x000000001cd10000)]
  0x000000001bc93800 JavaThread "RMI TCP Connection(1)-127.0.0.1" daemon [_thread_in_native, id=6480, stack(0x000000001cb10000,0x000000001cc10000)]
  0x000000001baf4800 JavaThread "RMI TCP Accept-0" daemon [_thread_in_native, id=10980, stack(0x000000001c660000,0x000000001c760000)]
  0x000000001baf3000 JavaThread "RMI TCP Accept-57647" daemon [_thread_in_native, id=7764, stack(0x000000001c560000,0x000000001c660000)]
  0x000000001baea000 JavaThread "RMI TCP Accept-0" daemon [_thread_in_native, id=4944, stack(0x000000001c460000,0x000000001c560000)]
  0x000000001b8e1800 JavaThread "Service Thread" daemon [_thread_blocked, id=6904, stack(0x000000001c320000,0x000000001c420000)]
=>0x000000001b842000 JavaThread "C1 CompilerThread3" daemon [_thread_in_native, id=4732, stack(0x000000001c220000,0x000000001c320000)]
  0x000000001b83f800 JavaThread "C2 CompilerThread2" daemon [_thread_blocked, id=9484, stack(0x000000001c120000,0x000000001c220000)]
  0x000000001b83e800 JavaThread "C2 CompilerThread1" daemon [_thread_blocked, id=8392, stack(0x000000001c020000,0x000000001c120000)]
  0x000000001b7f9800 JavaThread "C2 CompilerThread0" daemon [_thread_blocked, id=1496, stack(0x000000001bf20000,0x000000001c020000)]
  0x000000001b83c000 JavaThread "Monitor Ctrl-Break" daemon [_thread_in_native, id=8612, stack(0x000000001be20000,0x000000001bf20000)]
  0x000000001a081000 JavaThread "Attach Listener" daemon [_thread_blocked, id=8976, stack(0x000000001b520000,0x000000001b620000)]
  0x000000001a0dd000 JavaThread "Signal Dispatcher" daemon [_thread_blocked, id=4116, stack(0x000000001b420000,0x000000001b520000)]
  0x0000000018984800 JavaThread "Finalizer" daemon [_thread_blocked, id=4660, stack(0x000000001b2c0000,0x000000001b3c0000)]
  0x000000001897d800 JavaThread "Reference Handler" daemon [_thread_blocked, id=4688, stack(0x000000001b1c0000,0x000000001b2c0000)]
  0x00000000036a1800 JavaThread "main" [_thread_in_vm, id=11476, stack(0x00000000035a0000,0x00000000036a0000)]

Other Threads:
  0x000000001a041800 VMThread [stack: 0x000000001b0c0000,0x000000001b1c0000] [id=1216]
  0x000000001bafb800 WatcherThread [stack: 0x000000001c760000,0x000000001c860000] [id=11396]

VM state:not at safepoint (normal execution)

VM Mutex/Monitor currently owned by a thread: None

Heap:
 PSYoungGen      total 220160K, used 78933K [0x00000000d6600000, 0x00000000e9580000, 0x0000000100000000)
  eden space 207872K, 32% used [0x00000000d6600000,0x00000000da719cb0,0x00000000e3100000)
  from space 12288K, 99% used [0x00000000e3100000,0x00000000e3cfb788,0x00000000e3d00000)
  to   space 15872K, 0% used [0x00000000e8600000,0x00000000e8600000,0x00000000e9580000)
 ParOldGen       total 54272K, used 15523K [0x0000000083200000, 0x0000000086700000, 0x00000000d6600000)
  object space 54272K, 28% used [0x0000000083200000,0x0000000084128f48,0x0000000086700000)
 Metaspace       used 33836K, capacity 34472K, committed 34816K, reserved 1079296K
  class space    used 4381K, capacity 4557K, committed 4608K, reserved 1048576K

Card table byte_map: [0x0000000012ca0000,0x0000000013090000] byte_map_base: 0x0000000012887000

Marking Bits: (ParMarkBitMap*) 0x00000000663bf860
 Begin Bits: [0x0000000013d30000, 0x0000000015c68000)
 End Bits:   [0x0000000015c68000, 0x0000000017ba0000)

Polling page: 0x00000000012c0000

CodeCache: size=245760Kb used=7822Kb max_used=7822Kb free=237937Kb
 bounds [0x00000000038e0000, 0x0000000004090000, 0x00000000128e0000]
 total_blobs=4100 nmethods=3666 adapters=346
 compilation: enabled

Compilation events (10 events):
Event: 3.059 Thread 0x000000001b842000 nmethod 3662 0x0000000004081e50 code [0x0000000004081fc0, 0x0000000004082238]
Event: 3.059 Thread 0x000000001b842000 3663       1       java.util.concurrent.atomic.AtomicReferenceFieldUpdater$AtomicReferenceFieldUpdaterImpl::compareAndSet (24 bytes)
Event: 3.059 Thread 0x000000001b842000 nmethod 3663 0x0000000004082310 code [0x0000000004082480, 0x0000000004082718]
Event: 3.059 Thread 0x000000001b842000 3664       1       java.util.ArrayList::clear (39 bytes)
Event: 3.059 Thread 0x000000001b842000 nmethod 3664 0x00000000040828d0 code [0x0000000004082a20, 0x0000000004082b90]
Event: 3.059 Thread 0x000000001b842000 3665       1       java.security.Provider$Service::getProvider (5 bytes)
Event: 3.059 Thread 0x000000001b842000 nmethod 3665 0x0000000004082c90 code [0x0000000004082de0, 0x0000000004082ef0]
Event: 3.061 Thread 0x000000001b842000 3666       1       jdk.internal.org.objectweb.asm.MethodWriter::visitAnnotation (82 bytes)
Event: 3.061 Thread 0x000000001b842000 nmethod 3666 0x0000000004082f50 code [0x00000000040830e0, 0x0000000004083518]
Event: 3.062 Thread 0x000000001b842000 3668       1       sun.security.util.DerOutputStream::putLength (147 bytes)

GC Heap History (10 events):
Event: 1.218 GC heap before
{Heap before GC invocations=6 (full 0):
 PSYoungGen      total 70656K, used 19356K [0x00000000d6600000, 0x00000000df800000, 0x0000000100000000)
  eden space 65536K, 21% used [0x00000000d6600000,0x00000000d73ebba0,0x00000000da600000)
  from space 5120K, 99% used [0x00000000da600000,0x00000000daafb848,0x00000000dab00000)
  to   space 9216K, 0% used [0x00000000def00000,0x00000000def00000,0x00000000df800000)
 ParOldGen       total 86016K, used 6034K [0x0000000083200000, 0x0000000088600000, 0x00000000d6600000)
  object space 86016K, 7% used [0x0000000083200000,0x00000000837e4a10,0x0000000088600000)
 Metaspace       used 20773K, capacity 21126K, committed 21248K, reserved 1067008K
  class space    used 2638K, capacity 2730K, committed 2816K, reserved 1048576K
Event: 1.223 GC heap after
Heap after GC invocations=6 (full 0):
 PSYoungGen      total 140288K, used 5483K [0x00000000d6600000, 0x00000000df800000, 0x0000000100000000)
  eden space 131072K, 0% used [0x00000000d6600000,0x00000000d6600000,0x00000000de600000)
  from space 9216K, 59% used [0x00000000def00000,0x00000000df45aeb8,0x00000000df800000)
  to   space 9216K, 0% used [0x00000000de600000,0x00000000de600000,0x00000000def00000)
 ParOldGen       total 86016K, used 6042K [0x0000000083200000, 0x0000000088600000, 0x00000000d6600000)
  object space 86016K, 7% used [0x0000000083200000,0x00000000837e6a10,0x0000000088600000)
 Metaspace       used 20773K, capacity 21126K, committed 21248K, reserved 1067008K
  class space    used 2638K, capacity 2730K, committed 2816K, reserved 1048576K
}
Event: 1.223 GC heap before
{Heap before GC invocations=7 (full 1):
 PSYoungGen      total 140288K, used 5483K [0x00000000d6600000, 0x00000000df800000, 0x0000000100000000)
  eden space 131072K, 0% used [0x00000000d6600000,0x00000000d6600000,0x00000000de600000)
  from space 9216K, 59% used [0x00000000def00000,0x00000000df45aeb8,0x00000000df800000)
  to   space 9216K, 0% used [0x00000000de600000,0x00000000de600000,0x00000000def00000)
 ParOldGen       total 86016K, used 6042K [0x0000000083200000, 0x0000000088600000, 0x00000000d6600000)
  object space 86016K, 7% used [0x0000000083200000,0x00000000837e6a10,0x0000000088600000)
 Metaspace       used 20773K, capacity 21126K, committed 21248K, reserved 1067008K
  class space    used 2638K, capacity 2730K, committed 2816K, reserved 1048576K
Event: 1.244 GC heap after
Heap after GC invocations=7 (full 1):
 PSYoungGen      total 140288K, used 0K [0x00000000d6600000, 0x00000000df800000, 0x0000000100000000)
  eden space 131072K, 0% used [0x00000000d6600000,0x00000000d6600000,0x00000000de600000)
  from space 9216K, 0% used [0x00000000def00000,0x00000000def00000,0x00000000df800000)
  to   space 9216K, 0% used [0x00000000de600000,0x00000000de600000,0x00000000def00000)
 ParOldGen       total 54272K, used 6294K [0x0000000083200000, 0x0000000086700000, 0x00000000d6600000)
  object space 54272K, 11% used [0x0000000083200000,0x0000000083825978,0x0000000086700000)
 Metaspace       used 20773K, capacity 21126K, committed 21248K, reserved 1067008K
  class space    used 2638K, capacity 2730K, committed 2816K, reserved 1048576K
}
Event: 1.707 GC heap before
{Heap before GC invocations=8 (full 1):
 PSYoungGen      total 140288K, used 131072K [0x00000000d6600000, 0x00000000df800000, 0x0000000100000000)
  eden space 131072K, 100% used [0x00000000d6600000,0x00000000de600000,0x00000000de600000)
  from space 9216K, 0% used [0x00000000def00000,0x00000000def00000,0x00000000df800000)
  to   space 9216K, 0% used [0x00000000de600000,0x00000000de600000,0x00000000def00000)
 ParOldGen       total 54272K, used 6294K [0x0000000083200000, 0x0000000086700000, 0x00000000d6600000)
  object space 54272K, 11% used [0x0000000083200000,0x0000000083825978,0x0000000086700000)
 Metaspace       used 23645K, capacity 24058K, committed 24192K, reserved 1071104K
  class space    used 3060K, capacity 3160K, committed 3200K, reserved 1048576K
Event: 1.713 GC heap after
Heap after GC invocations=8 (full 1):
 PSYoungGen      total 140288K, used 7515K [0x00000000d6600000, 0x00000000e4600000, 0x0000000100000000)
  eden space 131072K, 0% used [0x00000000d6600000,0x00000000d6600000,0x00000000de600000)
  from space 9216K, 81% used [0x00000000de600000,0x00000000ded56d40,0x00000000def00000)
  to   space 9216K, 0% used [0x00000000e3d00000,0x00000000e3d00000,0x00000000e4600000)
 ParOldGen       total 54272K, used 6302K [0x0000000083200000, 0x0000000086700000, 0x00000000d6600000)
  object space 54272K, 11% used [0x0000000083200000,0x0000000083827978,0x0000000086700000)
 Metaspace       used 23645K, capacity 24058K, committed 24192K, reserved 1071104K
  class space    used 3060K, capacity 3160K, committed 3200K, reserved 1048576K
}
Event: 2.119 GC heap before
{Heap before GC invocations=9 (full 1):
 PSYoungGen      total 140288K, used 138587K [0x00000000d6600000, 0x00000000e4600000, 0x0000000100000000)
  eden space 131072K, 100% used [0x00000000d6600000,0x00000000de600000,0x00000000de600000)
  from space 9216K, 81% used [0x00000000de600000,0x00000000ded56d40,0x00000000def00000)
  to   space 9216K, 0% used [0x00000000e3d00000,0x00000000e3d00000,0x00000000e4600000)
 ParOldGen       total 54272K, used 6302K [0x0000000083200000, 0x0000000086700000, 0x00000000d6600000)
  object space 54272K, 11% used [0x0000000083200000,0x0000000083827978,0x0000000086700000)
 Metaspace       used 27720K, capacity 28194K, committed 28416K, reserved 1073152K
  class space    used 3580K, capacity 3716K, committed 3840K, reserved 1048576K
Event: 2.128 GC heap after
Heap after GC invocations=9 (full 1):
 PSYoungGen      total 217088K, used 9185K [0x00000000d6600000, 0x00000000e4a80000, 0x0000000100000000)
  eden space 207872K, 0% used [0x00000000d6600000,0x00000000d6600000,0x00000000e3100000)
  from space 9216K, 99% used [0x00000000e3d00000,0x00000000e45f87b8,0x00000000e4600000)
  to   space 12288K, 0% used [0x00000000e3100000,0x00000000e3100000,0x00000000e3d00000)
 ParOldGen       total 54272K, used 10992K [0x0000000083200000, 0x0000000086700000, 0x00000000d6600000)
  object space 54272K, 20% used [0x0000000083200000,0x0000000083cbc018,0x0000000086700000)
 Metaspace       used 27720K, capacity 28194K, committed 28416K, reserved 1073152K
  class space    used 3580K, capacity 3716K, committed 3840K, reserved 1048576K
}
Event: 2.833 GC heap before
{Heap before GC invocations=10 (full 1):
 PSYoungGen      total 217088K, used 217057K [0x00000000d6600000, 0x00000000e4a80000, 0x0000000100000000)
  eden space 207872K, 100% used [0x00000000d6600000,0x00000000e3100000,0x00000000e3100000)
  from space 9216K, 99% used [0x00000000e3d00000,0x00000000e45f87b8,0x00000000e4600000)
  to   space 12288K, 0% used [0x00000000e3100000,0x00000000e3100000,0x00000000e3d00000)
 ParOldGen       total 54272K, used 10992K [0x0000000083200000, 0x0000000086700000, 0x00000000d6600000)
  object space 54272K, 20% used [0x0000000083200000,0x0000000083cbc018,0x0000000086700000)
 Metaspace       used 30993K, capacity 31494K, committed 31872K, reserved 1077248K
  class space    used 4026K, capacity 4154K, committed 4224K, reserved 1048576K
Event: 2.843 GC heap after
Heap after GC invocations=10 (full 1):
 PSYoungGen      total 220160K, used 12269K [0x00000000d6600000, 0x00000000e9580000, 0x0000000100000000)
  eden space 207872K, 0% used [0x00000000d6600000,0x00000000d6600000,0x00000000e3100000)
  from space 12288K, 99% used [0x00000000e3100000,0x00000000e3cfb788,0x00000000e3d00000)
  to   space 15872K, 0% used [0x00000000e8600000,0x00000000e8600000,0x00000000e9580000)
 ParOldGen       total 54272K, used 15523K [0x0000000083200000, 0x0000000086700000, 0x00000000d6600000)
  object space 54272K, 28% used [0x0000000083200000,0x0000000084128f48,0x0000000086700000)
 Metaspace       used 30993K, capacity 31494K, committed 31872K, reserved 1077248K
  class space    used 4026K, capacity 4154K, committed 4224K, reserved 1048576K
}

Deoptimization events (0 events):
No events

Classes redefined (0 events):
No events

Internal exceptions (10 events):
Event: 2.924 Thread 0x00000000036a1800 Exception <a 'java/lang/ClassNotFoundException': org/springframework/cloud/bootstrap/config/PropertySourceBootstrapPropertiesCustomizer> (0x00000000d8970dc8) thrown at [C:\re\workspace\8-2-build-windows-amd64-cygwin\jdk8u161\10277\hotspot\src\share\vm\cla
Event: 2.926 Thread 0x00000000036a1800 Exception <a 'java/lang/ClassNotFoundException': java/lang/ObjectCustomizer> (0x00000000d89f74d8) thrown at [C:\re\workspace\8-2-build-windows-amd64-cygwin\jdk8u161\10277\hotspot\src\share\vm\classfile\systemDictionary.cpp, line 210]
Event: 2.926 Thread 0x00000000036a1800 Exception <a 'java/lang/ClassNotFoundException': org/springframework/cloud/bootstrap/encrypt/KeyPropertiesCustomizer> (0x00000000d8a22408) thrown at [C:\re\workspace\8-2-build-windows-amd64-cygwin\jdk8u161\10277\hotspot\src\share\vm\classfile\systemDictio
Event: 2.931 Thread 0x00000000036a1800 Exception <a 'java/lang/ClassNotFoundException': java/lang/ObjectCustomizer> (0x00000000d8b5da38) thrown at [C:\re\workspace\8-2-build-windows-amd64-cygwin\jdk8u161\10277\hotspot\src\share\vm\classfile\systemDictionary.cpp, line 210]
Event: 2.931 Thread 0x00000000036a1800 Exception <a 'java/lang/ClassNotFoundException': org/springframework/cloud/netflix/eureka/serviceregistry/EurekaRegistrationCustomizer> (0x00000000d8b8f8d0) thrown at [C:\re\workspace\8-2-build-windows-amd64-cygwin\jdk8u161\10277\hotspot\src\share\vm\clas
Event: 2.931 Thread 0x00000000036a1800 Exception <a 'java/lang/ArrayIndexOutOfBoundsException'> (0x00000000d8b938b0) thrown at [C:\re\workspace\8-2-build-windows-amd64-cygwin\jdk8u161\10277\hotspot\src\share\vm\runtime\sharedRuntime.cpp, line 605]
Event: 2.931 Thread 0x00000000036a1800 Exception <a 'java/lang/ClassNotFoundException': org/springframework/cloud/client/serviceregistry/RegistrationCustomizer> (0x00000000d8bd5f18) thrown at [C:\re\workspace\8-2-build-windows-amd64-cygwin\jdk8u161\10277\hotspot\src\share\vm\classfile\systemDi
Event: 2.936 Thread 0x00000000036a1800 Exception <a 'java/lang/ClassNotFoundException': java/lang/ObjectCustomizer> (0x00000000d8cca030) thrown at [C:\re\workspace\8-2-build-windows-amd64-cygwin\jdk8u161\10277\hotspot\src\share\vm\classfile\systemDictionary.cpp, line 210]
Event: 2.936 Thread 0x00000000036a1800 Exception <a 'java/lang/ClassNotFoundException': com/netflix/appinfo/ApplicationInfoManagerCustomizer> (0x00000000d8cee8b8) thrown at [C:\re\workspace\8-2-build-windows-amd64-cygwin\jdk8u161\10277\hotspot\src\share\vm\classfile\systemDictionary.cpp, line 
Event: 2.936 Thread 0x00000000036a1800 Exception <a 'java/lang/ArrayIndexOutOfBoundsException'> (0x00000000d8cf1278) thrown at [C:\re\workspace\8-2-build-windows-amd64-cygwin\jdk8u161\10277\hotspot\src\share\vm\runtime\sharedRuntime.cpp, line 605]

Events (10 events):
Event: 3.077 loading class sun/security/x509/CertificatePolicyMap
Event: 3.077 loading class sun/security/x509/CertificatePolicyMap done
Event: 3.078 loading class sun/security/x509/PrivateKeyUsageExtension
Event: 3.078 loading class sun/security/x509/PrivateKeyUsageExtension done
Event: 3.078 loading class java/security/cert/CertificateException
Event: 3.078 loading class java/security/cert/CertificateException done
Event: 3.080 loading class sun/security/x509/AuthorityInfoAccessExtension
Event: 3.080 loading class sun/security/x509/AuthorityInfoAccessExtension done
Event: 3.080 loading class sun/security/x509/AccessDescription
Event: 3.080 loading class sun/security/x509/AccessDescription done


Dynamic libraries:
0x00007ff7f3b20000 - 0x00007ff7f3b57000 	D:\Program Files\Java\jdk1.8.0_161\bin\java.exe
0x00007ff9cf290000 - 0x00007ff9cf47d000 	C:\Windows\SYSTEM32\ntdll.dll
0x00007ff9ce4f0000 - 0x00007ff9ce5a3000 	C:\Windows\System32\KERNEL32.DLL
0x00007ff9cb880000 - 0x00007ff9cbb13000 	C:\Windows\System32\KERNELBASE.dll
0x00007ff9cc4c0000 - 0x00007ff9cc563000 	C:\Windows\System32\ADVAPI32.dll
0x00007ff9cece0000 - 0x00007ff9ced7e000 	C:\Windows\System32\msvcrt.dll
0x00007ff9ce420000 - 0x00007ff9ce4be000 	C:\Windows\System32\sechost.dll
0x00007ff9cf070000 - 0x00007ff9cf192000 	C:\Windows\System32\RPCRT4.dll
0x00007ff9cea10000 - 0x00007ff9ceba7000 	C:\Windows\System32\USER32.dll
0x00007ff9cb4d0000 - 0x00007ff9cb4f0000 	C:\Windows\System32\win32u.dll
0x00007ff9cedb0000 - 0x00007ff9cedd9000 	C:\Windows\System32\GDI32.dll
0x00007ff9cbba0000 - 0x00007ff9cbd39000 	C:\Windows\System32\gdi32full.dll
0x00007ff9cb360000 - 0x00007ff9cb400000 	C:\Windows\System32\msvcp_win.dll
0x00007ff9cb6d0000 - 0x00007ff9cb7ca000 	C:\Windows\System32\ucrtbase.dll
0x00007ff9b43c0000 - 0x00007ff9b4639000 	C:\Windows\WinSxS\amd64_microsoft.windows.common-controls_6595b64144ccf1df_6.0.17763.615_none_05b4414a072024d4\COMCTL32.dll
0x00007ff9ce6e0000 - 0x00007ff9cea0c000 	C:\Windows\System32\combase.dll
0x00007ff9cbb20000 - 0x00007ff9cbb9e000 	C:\Windows\System32\bcryptPrimitives.dll
0x00007ff9ced80000 - 0x00007ff9cedae000 	C:\Windows\System32\IMM32.DLL
0x0000000066440000 - 0x0000000066512000 	D:\Program Files\Java\jdk1.8.0_161\jre\bin\msvcr100.dll
0x0000000065ba0000 - 0x000000006643f000 	D:\Program Files\Java\jdk1.8.0_161\jre\bin\server\jvm.dll
0x00007ff9cce50000 - 0x00007ff9cce58000 	C:\Windows\System32\PSAPI.DLL
0x00007ff9c9490000 - 0x00007ff9c94b4000 	C:\Windows\SYSTEM32\WINMM.dll
0x00007ff9c6fe0000 - 0x00007ff9c6fea000 	C:\Windows\SYSTEM32\VERSION.dll
0x00007ff9c7ca0000 - 0x00007ff9c7ca9000 	C:\Windows\SYSTEM32\WSOCK32.dll
0x00007ff9cec70000 - 0x00007ff9cecdd000 	C:\Windows\System32\WS2_32.dll
0x00007ff9c9430000 - 0x00007ff9c945d000 	C:\Windows\SYSTEM32\winmmbase.dll
0x00007ff9cb420000 - 0x00007ff9cb46a000 	C:\Windows\System32\cfgmgr32.dll
0x0000000065b90000 - 0x0000000065b9f000 	D:\Program Files\Java\jdk1.8.0_161\jre\bin\verify.dll
0x0000000065b60000 - 0x0000000065b89000 	D:\Program Files\Java\jdk1.8.0_161\jre\bin\java.dll
0x0000000065ac0000 - 0x0000000065ae3000 	D:\Program Files\Java\jdk1.8.0_161\jre\bin\instrument.dll
0x0000000065b40000 - 0x0000000065b56000 	D:\Program Files\Java\jdk1.8.0_161\jre\bin\zip.dll
0x00007ff9ccf30000 - 0x00007ff9ce420000 	C:\Windows\System32\SHELL32.dll
0x00007ff9cc6d0000 - 0x00007ff9cc778000 	C:\Windows\System32\shcore.dll
0x00007ff9cbd40000 - 0x00007ff9cc48a000 	C:\Windows\System32\windows.storage.dll
0x00007ff9cb2b0000 - 0x00007ff9cb2d4000 	C:\Windows\System32\profapi.dll
0x00007ff9cb2e0000 - 0x00007ff9cb33d000 	C:\Windows\System32\powrprof.dll
0x00007ff9cf1a0000 - 0x00007ff9cf1f2000 	C:\Windows\System32\shlwapi.dll
0x00007ff9cb340000 - 0x00007ff9cb351000 	C:\Windows\System32\kernel.appcore.dll
0x00007ff9cb400000 - 0x00007ff9cb417000 	C:\Windows\System32\cryptsp.dll
0x00007ff9bbae0000 - 0x00007ff9bbafa000 	D:\Program Files\JetBrains\IntelliJ IDEA 2017.3.6\bin\breakgen64.dll
0x0000000065a90000 - 0x0000000065aaa000 	D:\Program Files\Java\jdk1.8.0_161\jre\bin\net.dll
0x00007ff9caa30000 - 0x00007ff9caa97000 	C:\Windows\system32\mswsock.dll
0x0000000065a60000 - 0x0000000065a6d000 	D:\Program Files\Java\jdk1.8.0_161\jre\bin\management.dll
0x0000000065a70000 - 0x0000000065a81000 	D:\Program Files\Java\jdk1.8.0_161\jre\bin\nio.dll
0x00007ff9b9200000 - 0x00007ff9b9216000 	C:\Windows\system32\napinsp.dll
0x00007ff9b91e0000 - 0x00007ff9b91fa000 	C:\Windows\system32\pnrpnsp.dll
0x00007ff9ca7d0000 - 0x00007ff9ca896000 	C:\Windows\SYSTEM32\DNSAPI.dll
0x00007ff9cebb0000 - 0x00007ff9cebb8000 	C:\Windows\System32\NSI.dll
0x00007ff9ca790000 - 0x00007ff9ca7cd000 	C:\Windows\SYSTEM32\IPHLPAPI.DLL
0x00007ff9b91d0000 - 0x00007ff9b91de000 	C:\Windows\System32\winrnr.dll
0x00007ff9c7ad0000 - 0x00007ff9c7aeb000 	C:\Windows\system32\NLAapi.dll
0x00007ff9b91b0000 - 0x00007ff9b91c5000 	C:\Windows\system32\wshbth.dll
0x00007ff9c1ea0000 - 0x00007ff9c1eaa000 	C:\Windows\System32\rasadhlp.dll
0x00007ff9c5f70000 - 0x00007ff9c5fe9000 	C:\Windows\System32\fwpuclnt.dll
0x00007ff9cc490000 - 0x00007ff9cc4b6000 	C:\Windows\System32\bcrypt.dll
0x00007ff9ca5f0000 - 0x00007ff9ca623000 	C:\Windows\system32\rsaenh.dll
0x00007ff9cb150000 - 0x00007ff9cb178000 	C:\Windows\SYSTEM32\USERENV.dll
0x00007ff9cac00000 - 0x00007ff9cac0c000 	C:\Windows\SYSTEM32\CRYPTBASE.dll
0x00007ff9c61c0000 - 0x00007ff9c61d6000 	C:\Windows\SYSTEM32\dhcpcsvc6.DLL
0x00007ff9c6130000 - 0x00007ff9c614c000 	C:\Windows\SYSTEM32\dhcpcsvc.DLL
0x0000000065a30000 - 0x0000000065a54000 	D:\Program Files\Java\jdk1.8.0_161\jre\bin\sunec.dll
0x00007ff9c0c80000 - 0x00007ff9c0e6d000 	C:\Windows\SYSTEM32\dbghelp.dll

VM Arguments:
jvm_args: -XX:TieredStopAtLevel=1 -Xverify:none -Dspring.output.ansi.enabled=always -Dcom.sun.management.jmxremote -Dcom.sun.management.jmxremote.port=57647 -Dcom.sun.management.jmxremote.authenticate=false -Dcom.sun.management.jmxremote.ssl=false -Djava.rmi.server.hostname=localhost -Dspring.liveBeansView.mbeanDomain -Dspring.application.admin.enabled=true -javaagent:D:\Program Files\JetBrains\IntelliJ IDEA 2017.3.6\lib\idea_rt.jar=57648:D:\Program Files\JetBrains\IntelliJ IDEA 2017.3.6\bin -Dfile.encoding=UTF-8 
java_command: com.gwg.springcloud.ConsumerApplication
java_class_path (initial): D:\Program Files\Java\jdk1.8.0_161\jre\lib\charsets.jar;D:\Program Files\Java\jdk1.8.0_161\jre\lib\deploy.jar;D:\Program Files\Java\jdk1.8.0_161\jre\lib\ext\access-bridge-64.jar;D:\Program Files\Java\jdk1.8.0_161\jre\lib\ext\cldrdata.jar;D:\Program Files\Java\jdk1.8.0_161\jre\lib\ext\dnsns.jar;D:\Program Files\Java\jdk1.8.0_161\jre\lib\ext\jaccess.jar;D:\Program Files\Java\jdk1.8.0_161\jre\lib\ext\jfxrt.jar;D:\Program Files\Java\jdk1.8.0_161\jre\lib\ext\localedata.jar;D:\Program Files\Java\jdk1.8.0_161\jre\lib\ext\nashorn.jar;D:\Program Files\Java\jdk1.8.0_161\jre\lib\ext\sunec.jar;D:\Program Files\Java\jdk1.8.0_161\jre\lib\ext\sunjce_provider.jar;D:\Program Files\Java\jdk1.8.0_161\jre\lib\ext\sunmscapi.jar;D:\Program Files\Java\jdk1.8.0_161\jre\lib\ext\sunpkcs11.jar;D:\Program Files\Java\jdk1.8.0_161\jre\lib\ext\zipfs.jar;D:\Program Files\Java\jdk1.8.0_161\jre\lib\javaws.jar;D:\Program Files\Java\jdk1.8.0_161\jre\lib\jce.jar;D:\Program Files\Java\jdk1.8.0_161\jre\lib\jfr.jar;D:\Program Files\Java\jdk1.8.0_161\jre\lib\jfxswt.jar;D:\Program Files\Java\jdk1.8.0_161\jre\lib\jsse.jar;D:\Program Files\Java\jdk1.8.0_161\jre\lib\management-agent.jar;D:\Program Files\Java\jdk1.8.0_161\jre\lib\plugin.jar;D:\Program Files\Java\jdk1.8.0_161\jre\lib\resources.jar;D:\Program Files\Java\jdk1.8.0_161\jre\lib\rt.jar;E:\spring_workspace\springcloud-rateLimitWithHystrix\springcloud-hystrix-consumer\target\classes;E:\spring_workspace\springcloud-rateLimitWithHystrix\springcloud-hystrix-common\target\classes;E:\spring_workspace\springcloud-rateLimitWithHystrix\springcloud-hystrix-provider-stub\target\classes;D:\maven_repo\org\springframework\cloud\spring-cloud-starter-hystrix\1.4.6.RELEASE\spring-cloud-starter-hystrix-1.4.6.RELEASE.jar;D:\maven_repo\org\springframework\cloud\spring-cloud-starter-netflix-hystrix\1.4.6.RELEASE\spring-cloud-starter-netflix-hystrix-1.4.6.RELEASE.jar;D:\maven_repo\com\netflix\hystrix\hystrix-core\1.5.12\hystrix-core-1.5.12.jar;D
Launcher Type: SUN_STANDARD

Environment Variables:
JAVA_HOME=D:\Program Files\Java\jdk1.8.0_161
PATH=D:\Program Files (x86)\NetSarang\Xshell 6\;C:\ProgramData\Oracle\Java\javapath;C:\Windows\system32;C:\Windows;C:\Windows\System32\Wbem;C:\Windows\System32\WindowsPowerShell\v1.0\;C:\Windows\System32\OpenSSH\;D:\Program Files\Git\cmd;C:\Users\IT\AppData\Local\Microsoft\WindowsApps;c:\program files\esafenet\cobra docguard client;D:\Program Files\apache-maven-3.6.0\bin;D:\mysql-5.7.22-winx64\bin;
USERNAME=Aikucun
OS=Windows_NT
PROCESSOR_IDENTIFIER=Intel64 Family 6 Model 158 Stepping 10, GenuineIntel



---------------  S Y S T E M  ---------------

OS: Windows 10.0 , 64 bit Build 17763 (10.0.17763.475)

CPU:total 12 (initial active 12) (6 cores per cpu, 2 threads per core) family 6 model 158 stepping 10, cmov, cx8, fxsr, mmx, sse, sse2, sse3, ssse3, sse4.1, sse4.2, popcnt, avx, avx2, aes, clmul, erms, rtm, 3dnowpref, lzcnt, ht, tsc, tscinvbit, bmi1, bmi2, adx

Memory: 4k page, physical 8179864k(2091356k free), swap 22859928k(14564544k free)

vm_info: Java HotSpot(TM) 64-Bit Server VM (25.161-b12) for windows-amd64 JRE (1.8.0_161-b12), built on Dec 19 2017 17:52:25 by "java_re" with MS VC++ 10.0 (VS2010)

time: Wed Aug 07 11:00:59 2019
elapsed time: 3 seconds (0d 0h 0m 3s)

